20150415D: Fareit Malware Targeting Steam Users from ThreatConnect
2017-05-15 Malspam  00_Invoice_###.PDF
2017-05-16 Malspam Emailing:#####.pdf.pdf
Additional IPs for Turla/Uroburos from CIRCL Passive SSL
A deeper look into ScanBox TLP:GREEN report from PWC UK
A Detailed Examination of the Siesta Campaign
Android spyware
A Slice of 2017 Sofacy Activity by Kaspersky
A Universal Windows Bootkit An analysis of the MBR bootkit referred to as “HDRoot”
BadMirror: New Android Malware Family Spotted by SherlockDroid
Bad Rabbit (via Pastebin)
bank phishing domains
Bitcoinminer installed by malware
Blog Post: EMOTET INFECTION WITH ICEDID
Blueliv Vawtrak v2
Cerber 5.0 through Google via onion gateway
Cerber Ransomware
Clipboard CryptoCoin Hijacker
Clipboard Hijacker Targeting Bitcoin & Ethereum Users Infects Over 300,0000 PCs
Crypren Ransomware
CryptXXX: New Ransomware From the Actors Behind Reveton, Dropping Via Angler
Dridex (2016-03-07)
Dridex (2016-03-09) - botnet 220
Dridex (2016-04-06) - botnet 122
Dridex (2016-04-12)
Dridex 2017-04-11 : botnet 7200/7500 campaigns
Dridex botnet 222 (20160315)
Dridex IoC's
Dridex of the day (2016-03-16) - botnet 120
ELF Linux/NyaDrop
Email Credential Phish, Dropbox Theme
Emotet - 5/17/2018
Emotet 5-18-2018
Emotet - 5/21/2018
Emotet - 5/8/2018
Emotet links
Erebus Ransomware Utilizes a UAC Bypass and Request a $90 Ransom Payment
Evasive Sage 2.2 Ransomware
Expansion based on pDNS + whois from OSINT Roaming tiger by Anton Cherepanov from ESET
Expansion based on shared nameserver with a lot of Sofacy domains
Expansion on 123@123.com
Expansion on 596552@qq.com
Expansion on MWI by security researcher
Expansion on OSINT Korplug military targeted attacks: Afghanistan & Tajikistan blog post from ESET by using whois registrant
Expansion on OSINT Lost your iPhone? Be on guard for a perfectly-timed Apple ID phishing attack by Hot For Security
Expansion on OSINT Operation Pawn Storm: The Red in SEDNIT from Trend Micro
Expansion on two IPs listed in OSINT IOCs from various campaigns listed in Detecting Bleeding Edge Malware presentation at hack.lu 2014
Fake Job Application incl. Macro
Fake scan campaings (20160505 - 20160507) using docm - Dridex
FBI Flash Message: MC-000055-BT  EC3/IC4 takedown of the AAEH botnet
Fessleak before It Was Cool by OpenDNS
Finding Nemo(hosts) from Sofacy by ThreatConnect
GandCrab Ransomware Version 2 Released With New .Crab Extension & Other Changes
Grand Soft EK domains
Guccifer 2.0: All Roads Lead to Russia - Threatconnect report
HackShit phishing as a service
Hancitor
Hancitor Intel
Import of CitizenLab public DB of malware indicators
Information stealer: Fareit
Invoice ###### 05/17/2017 from dontreply@random
It’s Parliamentary: KeyBoy and the targeting of the Tibetan Community
Jaff 2017-05-11 #2 : "Scanned image" - "20170512012345.pdf"
Jaff 2017-05-22 : "Copy of Invoice 12345678" / "12345678.PDF"
Jaff 2017-05-23 : "Invoice" - "12-3456.pdf"
Jaff 2017-05-24 : "IMG_1234.pdf"
Jaff 2017-05-25 : "Payment Receipt 1234" - "1234.pdf"
Jaff 2017-05-26 : "Scanned Image from a Xerox WorkCentre" - "Scan_0012_123456789.zip"
Jaff - file:nm.pdf
Kaspersky Lab: Spearphishing attack hits industrial companies
Kegotip downloader
Keylogger info via Twitter Feed
Late Emotet yesterday 5/8/2018
Locky (2016-03-16)
Locky of the day (20160328) -  affid=3
Locky of the day (20160520)
M2M - "..doc" 2017-11-30 : "FL-123456 11.30.2017.7z"
M2M - "..doc" 2017-12-01 : "12_Invoice_3456" - "I_4321.7z"
M2M - "..doc" 2017-12-04 : "Emailing: 1234567" - "1234567.7z"
M2M - "..doc" 2017-12-05 : 'Message from "G10PR0123456.MYCOMPANY.COM"' - "20171205123.zip"
M2M -  Dridex 2017-06-05 : botnet 7200 - "Invoice" - "A4 Inv_Crd 12345.pdf"
M2M -  Dridex 2017-11-14 : botnet 7200 : "Invoice No.
 123456" - "Invoice-123456-06.doc"
M2M -  Emailing: ########.jpg zip|wsf
M2M -  Encrypted Docx Campaign
M2M - Fwd:  ATLAS REPORT FOR 5577
M2M - Fwd: IMG_1800.pdf
M2M - Fwd: IMG_3428.pdf
M2M - Fwd:  Servers associated with port 23 scanning activity
M2M - Fwd:  Servers associated with port 23 scanning activity
M2M -  GlobeImposter "..doc" 2017-12-05 : "Scan Data" -
 "Scan_54321.7z"
M2M -  GlobeImposter "..doc" 2017-12-06 : "Scanned image"
 - "20171206123456.7z"
M2M -  GlobeImposter "..doc" 2017-12-15 : "Scan" -
 "Scan_00123.7z"
M2M -  GlobeImposter "..doc" 2017-12-19 :
 "msg_19_12_01155657760-1234567.7z"
M2M -  GlobeImposter "..doc" 2017-12-19 : "Outside Caller
 19-12-2017 123456.7z"
M2M -  GlobeImposter "..doc" 2017-12-20 : "Purchase Order
 1234567" - "Purchase Order 1234567.7z"
M2M -  GlobeImposter "..doc" 2017-12-20 : "Voicemail from
 01987654321 <01987654321> 1m 23s" - "msg_20_12_01155657760-1234567.7z"
M2M -  GlobeImposter "..doc" 2017-12-21 : "Emailing:
 IMG_20171221..." - "IMG_20171221_123456789.7z"
M2M -  GlobeImposter "..doc" 2017-12-22 : "Outstanding
 Statement" - "Customer Statement .7z"
M2M -  GlobeImposter "..doc" 2017-12-26 :
 "CCE26122017_001234" - "CCE26122017_001234.7z"
M2M -  GlobeImposter "..doc" 2017-12-27 :
 "Invoice_1234567" - "Invoice_1234567.7z"
M2M -  GlobeImposter "..doc" 2017-12-28 : "Copy_123456" -
 "Copy_123456.7z"
M2M -  GlobeImposter "..doc" 2017-12-28 : "Copy_123456" -
 "Copy_123456.7z"
M2M -  GlobeImposter "..doc" 2017-12-28 : "Copy_123456" -
 "Copy_123456.7z"
M2M -  GlobeImposter "..doc" 2017-12-28 :
 "CCE28122017_001234" - "CCE28122017_001234.7z"
M2M -  GlobeImposter "..doc" 2017-12-29 : "Scan" -
 "Scan_00123.7z"
M2M -  GlobeImposter "..doc" 2018-01-12 : "Unpaid invoice " - "1234567.7z"
M2M -   Gootkit - French Targeting -
 2018-01-25 : "Facture FAC-02784 de Ekotek Pro"
M2M -  Jaff 2017-06-02 : "Invoice INV-1234" - "Invoice INV-1234.pdf"
M2M -  Jaff 2017-06-06 : "Order" - "MX-2310U_20170606_123456.pdf"
M2M -  Jaff 2017-06-09 : missing subject - "IMG_1234.ZIP" / "DOC_1234.docm"
M2M -  Jaff 2017-06-13 : "Invoice PIS1234567.zip"
M2M -  Jaff 2017-06-14 : "Emailing: 123456789" - "123456789.ZIP"
M2M -  Locky 2017-06-21 : Affid=3 : "Copy of Invoice 87654321" - "87654321.zip"
M2M -  Locky 2017-06-26 : Affid=3 : "12_Invoice_3456" - "001_4321.zip"
M2M -  Locky 2017-09-06 : Affid=3 : "Voice Message from 011234567890 - name unavailable" - /message.html links
M2M -  Locky 2017-09-11/11 : Affid=3, ".lukitus" : "Bankwest - You have a new eStatement" - /statement.html links
M2M -  Locky 2017-09-12 : Affid=3, ".lukitus" : "Your Amazon.co.uk order..." / AmazonSignIn.html links
M2M -  Locky 2017-09-14 : Affid=3, ".lukitus" : "Copy of Invoice 12345" - /invoice.html links
M2M -  Locky 2017-09-18 : Affid=3, offline, ".ykcol" : "Message from KM_C224e" - "20171809_12345678901.7z"
M2M -  Locky 2017-09-19 : Affid=3, offline, ".ykcol" : "Emailing - 10008001234" - "10008001234.7z"
M2M -  Locky 2017-09-19 : Affid=3, offline, ".ykcol" : "HERBALIFE Order Number: 6N01001234" - "6N01001234_1.7z"
M2M -  Locky 2017-09-20 : Affid=3, offline, ".ykcol" : "New voice message..." - "msg0321.7z"
M2M -  Locky 2017-09-20 : Affid=3, offline, ".ykcol" : "Status of invoice A2171234-56" - "A2171234-56.rar"
M2M -  Locky 2017-09-21/22 : Affid=3, offline, ".ykcol" : "PIC_1234" - "PIC_1234.7z"
M2M -  Locky 2017-09-22 : Affid=3, offline, ".ykcol" : "Your Invoice # 123456" - "Invoice_file_654321.7z"
M2M -  Locky 2017-09-25 : Affid=3, offline, ".ykcol" : "12_Invoice_3456" - "001_1234.7z"
M2M -  Locky 2017-09-25 : Affid=3, offline, ".ykcol" : "Message from 02087654321" - "Voice Message.7z"
M2M -  Locky 2017-09-26 : Affid=3, offline, ".ykcol":"INVOICE" - "A1234567890.7z"
M2M -  Locky 2017-09-26 : Affid=3, offline, ".ykcol" : "Invoice PIS1234567" - "InvoicePIS1234567.7z"
M2M -  Locky 2017-09-27 : Affid=3, offline, ".ykcol" :
 "INVOICE" - "A1234-5678901234.7z"
M2M -  Locky 2017-09-27 : Affid=3, offline, ".ykcol" : "Scanned image from MX-2600N" - "20170927_123456.7z"
M2M -  Locky 2017-09-28 : Affid=3, offline, ".ykcol" : "Scan Data" - "Scan_54321.7z"
M2M -  Locky 2017-09-29 : Affid=3, offline, ".ykcol" : "Invoice" - "123456.7z"
M2M -  Locky 2017-10-02 : Affid=3, offline, ".ykcol" : "Emailed Invoice - 123456" - "I_123456.7z"
M2M -  Locky 2017-10-02 : Affid=3, offline, ".ykcol" : "New Doc 2017-10-02 - Page 3.7z"
M2M -  Locky 2017-10-03 : Affid=3, offline, ".ykcol" : "Emailing - DOC123" - "DOC123.7z"
M2M -  Locky 2017-10-03 : Affid=3, offline, ".ykcol" : "INVOICE" - "A_1234567890.7z"
M2M -  Locky 2017-10-04 : Affid=3, offline, ".ykcol" : "Copy of invoice A1234567890..." - "InvoiceA1234567890.7z"
M2M -  Locky 2017-10-04 : Affid=3, offline, ".ykcol" : "Message from 02087654321" - "Voice Message.7z"
M2M -  Locky 2017-10-05 : Affid=3, offline, ".ykcol" : "Invoice" - "1234567.7z"
M2M -  Locky 2017-10-05 : Affid=3, offline, ".ykcol" : "Invoice INV000123" - "Invoice INV000123.7z"
M2M -  Locky 2017-10-06 : Affid=3, offline, ".ykcol" : "Your Remittance Advice" - "12345 Remittance.7z"
M2M -  Locky 2017-10-09 : Affid=3, offline, ".ykcol" : "Invoice IP1234567" - "Invoice-IP1234567.7z"
M2M -  Locky 2017-10-09 : Affid=3, offline, ".ykcol" : "Invoice IP1234567" - "Invoice-IP1234567.7z"
M2M -  Locky 2017-10-10 : Affid=3, offline, ".asasin" : "Document ... is complete" - "invoice_1234_sign_and_return.7z"
M2M -  Locky 2017-10-10 : Affid=3, offline, ".asasin" : "Voicemail From 845-551-1234" - "VMSG12345678_20171010.7z"
M2M -  Locky 2017-10-18 : Affid=3, offline, ".asasin" : "Message from 02087654321" - "Voice Message.7z"
M2M -  Locky 2017-11-03 : Affid=3, offline, ".asasin" : "12345678.doc"
M2M -  Locky 2017-11-03 : Affid=3, offline, ".asasin" : "Scanned image from MX-2600N" - "20171103_123456.doc"
M2M -  Locky 2017-11-06 : Affid=3, ".asasin" : "E3S1234567890123 Payment advice" - "advice_123456_20171106.doc"
M2M -  Locky 2017-11-07 : Affid=3, offline, ".asasin" : "Emailing: AZ123 - 07.11.2017" - "AZ123 - 07.11.2017.doc"
M2M -  Locky 2017-11-07 : Affid=3, offline, ".asasin" : "Invoice #123456789," - "987654321_11_07_2017_12_34_56.doc"
M2M -  Locky 2017-11-08 : Affid=3, offline, ".asasin" : "Invoice AX1234567" - "Invoice-AX1234567.doc"
M2M -  Locky 2017-11-09 : Affid=3, offline, ".asasin" : "Documents" - "ABY001234.doc"
M2M -  Locky 2017-11-09 : Affid=3, offline, ".asasin" : "Scanned from HP" - "image2017-11-09-1234567.doc"
M2M -  Locky Affid=3, ".asasin" 2017-11-01 : "Emailing: AZ123 - 01.11.2017" - "AZ123 - 01.11.2017.doc"
M2M -  Locky Affid=3, ".asasin" 2017-11-02 : "12_Invoice_3456" - "001_1234.doc"
M2M -  Locky Affid=3, ".asasin" 2017-11-02 : "Scan" - "Scan00123.doc"
M2M -  Locky Affid=3, ".asasin"/Trickbot "mac1" 2017-10-05 : "Invoice INV0000123" - "Invoice INV0000123.7z"
M2M -  Locky Affid=3, "asasin" / Trickbot "mac1" 2017-10-10 : "Status of invoice A2171234-56" - "A2171234-56.html"
M2M -  Locky Affid=3, ".asasin"/Trickbot "mac1" 2017-10-11 : "Emailing: 12345678" - "12345678.7z"
M2M -  Locky Affid=3, ".asasin"/Trickbot "mac1" 2017-10-11 : "Supplement payment 1234567890" - "F1234567890_11102017.7z"
M2M -  Locky Affid=3, ".asasin"/Trickbot "mac1" 2017-10-18 : "Invoice 123456789 10.18.2017.7z"
M2M -  Locky Affid=3, ".asasin"/Trickbot "mac1" 2017-10-25
 : "Invoice AZ123456" - "AZ123456.doc"
M2M -  Locky Affid=3, ".asasin"/Trickbot "mac1" 2017-10-31 : "Invoice INV0000123" - "INV0000123.doc"
M2M -  Locky Affid=3, ".asasin"/Trickbot "mac1" 2017-11-01 : "Invoice" - "12345_Invoice.doc"
M2M -  Locky Affid=3/Trickbot "mac1" 2017-09-29 : "Voice Message from ..." - "/voicemsg.html" links
M2M -  Locky Affid=3/Trickbot "mac1" 2017-10-24 : "Scan
 Data" - "Scan_654321.doc"
M2M -  Locky Affid=3/Trickbot "mac1" 2017-10-24 : "Your
 Invoice 12345" - "Invoice_file_654321.doc"
M2M -  Locky: "Invoice RE-2017-09-21-00xxx"	from "Amazon Marketplace"
M2M -  Locky / Trickbot: "Emailing: Scan0xxx" from "Sales"
M2M -  #LokiBot goes  with SWIFT theme
M2M - Malspam
M2M -  Malspam 2017-09-11 "Email Invoice Requested"
M2M -  Malspam 2017-10-19 "Emailed Invoice - ******"
M2M -  Malspam 2017-10-29 "Scanned image from MX-2600N"
M2M -  Malspam --> 62909008.pdf
M2M -  malspam Subject FreeFax From:\d{10}
M2M - new locky
M2M -  Password-protected docs 2017-06-07 : "John C Doe" - "ab1_c23def4lg56hi#78j.docx"
M2M -  phishing URLs
M2M - ***SPAM***  Locky: "Status of invoice" with .7z
	attachment
M2M - test
M2M -  Trickbot 2017-06-07 : "mac1" : "12_Invoice_3456" - "001_4321.pdf"
M2M -  Trickbot 2017-06-09 : mac1 : "Facture AA-123-RR" / "Copy Credit Note" - "1234567.zip"
M2M -  Trickbot 2017-06-12 : mac1 : Facture N 1234 du 12/06/2017 - "FACTURE_1234.zip"
M2M - Trickbot 2017-06-12 : mac1 : Facture N 1234 du 12/06/2017 - "FACTURE_1234.zip"
M2M -  Trickbot 2017-06-14 : mac1 : "Emailing: 123456789" - "123456789.PDF"
M2M -  Trickbot 2017-06-27 : mac1 : "facture 654321" - "abonneau_654321.docm"
M2M -  Trickbot 2017-07-19 : mac1 : "12345678 - True
 Telecom Invoice for June 2017" - "2017-06-Bill.PDF"
M2M -  Trickbot 2017-11-14 : "mac1" : "Emailing:
 12345678.doc" - "12345678"
M2M -  Trickbot 2017-11-14 : "mac1" : "Invoice
 AXBY1234567" - "InvoiceAXBY1234567.doc"
M2M -  #trickbot Facture ### via .zip/.WSF
M2M -  #trickbot Lloyds Bank
Malicious Chrome browser extensions injecting code
Malicious Emails Outlook Themed
Malicious IP communicating with Gafgyt
Malspam (2016-03-09) - Locky, TeslaCrypt
Malspam (2016-03-10) - Locky, TeslaCrypt
Malspam (2016-03-11) - Locky
Malspam (2016-03-14) - Locky, TeslaCrypt
Malspam (2016-03-16) - Locky
Malspam (2016-03-17) - Dridex (122), Locky
Malspam (2016-04-05) - TeslaCrypt
Malspam (2016-04-26) - Dridex botnet 122
Malspam 2016-04-27 - Locky
Malspam (2016-04-28) - #3 (unknown payload, not accessible)
Malspam (2016-04-28) - Locky
Malspam (2016-04-28) - Locky (#2)
Malspam 2016-05-26 - Locky - samples reversed, xored (0x73 or 0x1c); samples reversed + long xor key
Malspam - 2016-05-27 - Locky - .docm
Malspam 2016-05-27 - Locky (.js in .zip)
Malspam (2016-06-22) - .js in .zip - Locky is back
Malspam 2016-06-23 (Locky)
Malspam 2016-06-24 (Locky)
Malspam 2016-06-27
Malspam 2016-06-28 (Locky campaign subject: 'report')
Malspam 2016-06-28 (Locky campaign subject: 'Updated')
Malspam 2016-06-29 (campaign subject: 'Financial report')
Malspam 2016-06-29 (campaign subject: 'new invoice')
Malspam 2016-06-30 (campaign subject: 'Documents copies')
Malspam 2016-07-04 (testrun, subject 'Scanned image'), .docm
Malspam 2016-07-05 (subject 'Scanned image'), .docm
Malspam 2016-07-12 (Locky campaign 'Fw:')
Malspam 2016-07-13 (Locky campaign 'Profile')
Malspam 2016-07-13 .wsf campaign
Malspam 2016-07-14 .wsf campaign
Malspam 2016-07-15 .zip/.jse
Malspam 2016-07-18 .wsf (campaign: "bank account report")
Malspam 2016-07-18 .wsf (campaign: "company database")
Malspam 2016-07-18 .wsf->.gif (campaign: "RE: firstname.lastname")
Malspam 2016-07-19 .docm (campaign: "Documents from work")
Malspam 2016-07-19 .wsf (campaign: "new invoice")
Malspam 2016-07-21 .wsf (campaign: "fixed invoice")
Malspam 2016-07-22 .js in .zip with embedded Locky (campaign: "Financial statement")
Malspam 2016-08-16 (.wsf in .zip) - campaign: 'Blank 2'
Malspam 2016-08-17 (.docm) - campaign: "Order Confirmation-"
Malspam 2016-08-18 (.wsf in .zip) - campaign: "Emailing: Label"
Malspam 2016-08-23 (.wsf in .zip) - campaign: "New voice mail message from [RANDOM]"
Malspam 2016-08-24 (.hta in .zip) - campaign: "Emailing{N}.jpg"
Malspam 2016-08-24 (.js in .zip) - campaign: "Statement"
Malspam 2016-08-25 (.js in .zip) - campaign: "Contract"
Malspam 2016-08-26 (.js in .zip) - campaign: "monthly report"
Malspam 2016-08-26 (.js in .zip) - campaign: "office equipment"
Malspam 2016-08-26 (.wsf in .zip) - campaign: "Voice Message from Outside Caller"
Malspam 2016-08-29 (.js in .zip) - campaign: "Commission"
Malspam 2016-08-29 (.wsf in .zip) - campaign: "Please find attached invoice no"
Malspam 2016-08-31 (.hta in .zip) - campaign: "FW: [Scan]"
Malspam 2016-08-31 (.js in .zip) - campaign: "bank transactions"
Malspam 2016-08-31 (.wsf in .zip) - campaign: "Image|Picture|Photos|Photo|Document"
Malspam 2016-09-01 (.hta in .zip) - campaign: "Voice Message from Outside Caller"
Malspam 2016-09-01 (.js in .zip) - campaign: "flight tickets"
Malspam 2016-09-01 (.wsf in .zip) - campaign: "Please find attached invoice no:"
Malspam 2016-09-02 (.wsf in .zip) - campaign: "icloud.com"
Malspam 2016-09-05 (.js in .zip) - campaign: "Credit card receipt"
Malspam 2016-09-05 (.wsf in .zip)
Malspam 2016-09-06 (.js in .zip) - campaign: "August invoice"
Malspam 2016-09-06 (.js in .zip) - campaign: "copies"
Malspam 2016-09-06 (.js in .zip) - campaign: "Suspected Purchases"
Malspam 2016-09-06 (.wsf in .zip) - campaign: "Invoice INV[x]"
Malspam 2016-09-06 (.wsf in .zip) - campaign: 'Message from "CUKPR[x]"'
Malspam 2016-09-07 (.js in .zip) - campaign: "Agreement form"
Malspam 2016-09-08 (.wsf in .zip) - campaign: icloud.com
Malspam 2016-09-08 (.wsf in .zip) - campaign: "New voice mail message from"
Malspam 2016-09-09 (.hta in .dzip) - campaign: "Order confirmation"
Malspam 2016-09-09 (.wsf in .zip) - campaign: "Documents Requested"
Malspam 2016-09-12 (.js in .zip) - campaign: "Budget report"
Malspam 2016-09-12 (.wsf in .zip) - campaign: "Photo|Image"
Malspam 2016-09-13 (.hta in .zip) - campaign: "Accounts Documentation - Invoices"
Malspam 2016-09-14 (.js in .zip) - campaign: "Delivery Confirmation"
Malspam 2016-09-14 (.wsf in .zip) - campaign: "Account report"
Malspam 2016-09-14 (.wsf in .zip) - campaign: "payment copy"
Malspam 2016-09-14 (.wsf in .zip) - campaign: "Tax invoice"
Malspam 2016-09-15 (.js in .zip) - campagin: "Booking confirmation"
Malspam 2016-09-15 (.wsf in .zip) - campaign: "Documents Requested"
Malspam 2016-09-15 (.wsf in .zip) - campaign: "SCAN"
Malspam 2016-09-16 (.hta in .zip) - campaign: "(Attached|Emailing|Copy|File): (Scan|Receipt|Document)(integer)"
Malspam 2016-09-16 (.js in .zip) - campaign: "Re: request"
Malspam 2016-09-16 (.wsf in .zip) - campaign: "(SCAN|FAX|DOC|IMG)_{integer}"
Malspam 2016-09-19 (.js in .zip) - campaign: "Express Parcel service"
Malspam 2016-09-20 (.hta in .zip) - campaign: "<no subject>"
Malspam 2016-09-20 (.js in .zip) - campaign: "Tracking data"
Malspam 2016-09-21 (.js in .zip) - campaign: "Package"
Malspam 2016-09-21 (.wsf in .zip) - campaign: "Emailing:  _{integer}_{integer}"
Malspam 2016-09-21 (.wsf in .zip) - campaign: "E-TICKET {integer}"
Malspam 2016-09-22 (.hta in .zip) - campaign: "Receipt of payment"
Malspam 2016-09-22 (.js in .zip) - campaign: "Delivery #D-{integer}"
Malspam 2016-09-22 (.js in .zip) - campaign: "Invoice INV{integer}"
Malspam 2016-09-22 (.js in .zip) - campaign: "Package #{integer}"
Malspam 2016-09-23 (.docm) - campaign: "Document from "
Malspam 2016-09-23 (.js in .zip) - campaign: "Transaction details"
Malspam 2016-09-27 (.wsf in .zip) - campaign: "{integer}.zip"
Malspam 2016-09-29 (.xls) - campaign: "Receipt"
Malspam 2016-09-30 (.doc) - campaign: "Receipt"
Malspam 2016-09-30 (.wsf in .zip) - campaign: "Emailing"
Malspam 2016-09-30 (.wsf in .zip) - campaign: "Parcel details"
Malspam 2016-10-03 (.xls) - campaign: "Invoice-"
Malspam 2016-10-03 (.xls) - campaign: "[Scan]"
Malspam 2016-10-06 (.js in .zip) - campaign: "Your Order"
Malspam 2016-10-07 (.js in .zip) - campaign: "wrong paychecks"
Malspam 2016-12-07 (.js in .zip) - campaign: "receipt"
Malspam 2016-12-15 (.js in .zip) - campaign: "Amount Payable"
Malspam 2017-06-21 'Job Application'
Malspam 2017-08-24 'Bill-'
Malspam 2017-08-25 'New voice message'
Malspam 2017-08-25 'Your Sage subscription invoice is ready'
Malspam 2017-08-28 'IMG-'
Malspam 2017-09-01 - 'New voice message'
Malspam 2017-09-04 'Invoice'
Malspam 2017-09-08 - 'Emailed Invoice -' - .html attachment
Malspam 2017-09-08 - 'Microsoft Store E-invoice for your order #'
Malspam 2017-09-12 - 'Your Amazon.co.uk order' phishing
Malspam 2017-10-03
Malspam 2018-05-25: "Regarding a job."
Malspam collection (2016-03-02) - Locky, TeslaCrypt
Malspam - Locky - 2016-05-23 (.zip with .js, downloading XOR'ed data)
Malspam - Locky - 2016-05-24 (.zip with .js, downloading (partially reversed) XOR'ed data)
MalSpam - Locky - 2016-05-25 (.js in .zip)
Malspam - Locky - 2016-05-26 (.docm)
Malspam targeting github users
Malspam via Spambots (2016-04-14)
Malspam week 44 (2016-10-24) - Locky ('Sebek')
Malware 2017-01-26 (.js in .zip) - Cerber
Malware Analysis Report (AR18-165A) MAR-10135536-12 – North Korean Trojan: TYPEFRAME
Malware collected via pastebin
Malware-Object Alert Trojan
Malware Posing as Human Rights Organizations and Commercial Software Targeting Iranians, Foreign Policy Institutions and Middle Eastern Countries (ExtremeDownloader and Strealer)
Malware “TSCookie”
Malware with legit company names in metadata
Massive Malvertising Campaign Discovered Attempting 40,000 Infections per Week
NanoCore related activities
New Phishing Attacks Abuse Excel Internet Query Files
New ransomware
One IP hosting multiple phishing domains
OSINT - 0000 Cryptomix Ransomware Variant Released
OSINT 20141029B: Possible RedOctober APT Resurgence from ThreatConnect
OSINT 20141107B: Operation Poisoned Handover by ThreatConnect
OSINT - 2016 Updates to Shifu Banking Trojan
OSINT 2nd Level expansion on OSINT - Ding! Your RAT has been delivered by Cisco Talos
OSINT - AceDeceiver: First iOS Trojan Exploiting Apple DRM Design Flaws to Infect Any iOS Device
OSINT - A Closer Look at the Mamba Ransomware that Struck San Francisco Rail System
OSINT - Active ransomware attack uses impersonation and embedded advanced threats
OSINT Additional indicators relating to Sofacy (APT28) phishing blog post by PWC
OSINT - Additional Insights on Shamoon2
OSINT Additional yara rules for detection Project Sauron by Florian Roth
OSINT Additional yara rules for Equation Drug by Florian Roth
OSINT A deeper look into ScanBox TLP:WHITE report from PWC UK
OSINT Adobe Zero-day Used in LadyBoyle Attack blog post by Symantec
OSINT - Adware Installs InfoStealer Trojan That It Loads via Chrome DLL Hijacking
OSINT A Fast and Furious Drive-By: Uncovering PTDark Attack Sites by Fortinet
OSINT - Alert (TA17-117A) Intrusions Affecting Multiple Victims Across Multiple Sectors
OSINT - Alert (TA17-132A) Indicators Associated With WannaCry Ransomware
OSINT - Alert (TA18-074A) Russian Government Cyber Activity Targeting Energy and Other Critical Infrastructure Sectors
OSINT - A Look at JS_POWMET, a Completely Fileless Malware
OSINT - A Look Into Fysbis: Sofacy’s Linux Backdoor
OSINT - A Mole exposing itself to sunlight Snake: Coming soon in Mac OS X flavour
OSINT Analysis of DHS NCCIC Indicators blog post by Secureworks
OSINT - Analysis of Emotet v4
OSINT Analysis of KRIPTOVOR: Infostealer+Ransomware by FireEye
OSINT Analysis of malcious CHM file by OpenDNS
OSINT - Analysis of Malware in Brazilian Bank Attack Reveals Prolonged Campaign
OSINT  Analysis of Project Cobra Another extensible framework used by the Uroburos’ actors from Gdata
OSINT - Analysis of TeleBots’ cunning backdoor
OSINT - Analyzing CrossRAT
OSINT - Analyzing Operation GhostSecret: Attack Seeks to Steal Data Worldwide
OSINT - Android Backdoor GhostCtrl can Silently Record Your Audio, Video, and More
OSINT - Android banking trojan masquerades as Flash Player and bypasses 2FA
OSINT Android.Bankosy: All ears on voice call-based 2FA by Symantec
OSINT - Android-based Smart TVs Hit By Backdoor Spread Via Malicious App
OSINT - Android Malware Appears Linked to Lazarus Cybercrime Group
OSINT - Android malware on the rise
OSINT Android Marcher: Continuously Evolving Mobile Malware by Zscaler
OSINT - A new era in mobile banking Trojans
OSINT Angler EK: More Obfuscation, Fake Extensions, and Other Nonsense by Talos
OSINT Angler Exploit Kit Utilizing 302 Cushioning and Domain Shadowing by Zscaler
OSINT Angler's best friends by SANS ISC Diary
OSINT An In-Depth Look at How Pawn Storm’s Java Zero-Day Was Used by Trend Micro
OSINT - An Investigation of Chrysaor Malware on Android
OSINT - A North Korean Monero Cryptocurrency Miner
OSINT - Another story of Unix Trojan: Tsunami/Kaiten.c (IRC/Bot) w/ Flooder, Backdoor at a hacked xBSD
OSINT An Update on Nuclear (Reverse) Engineering by Zscaler
OSINT - Apache SOLR: the new target for cryptominers
OSINT - A PBot (PHP + Perl Backdoor IRC Bot + Network Attack Tool) Infection on hegeman.com
OSINT A Peek Inside an Affiliate’s Malspam Operation: Kovter and Miuref/Boaxxe Infections by PhishMe
OSINT - Apocalypse: Ransomware which targets companies through insecure RDP
OSINT - APT15 is alive and strong: An analysis of RoyalCli and RoyalDNS
OSINT APT28: A Window into Russia’s Cyber Espionage Operations? blog post by FireEye
OSINT - APT28 malicious NATO document
OSINT - APT28 Targets Hospitality Sector, Presents Threat to Travelers
OSINT - APT29 Domain Fronting With TOR
OSINT APT 30 and the Mechanics of a Long-Running Cyber Espionage Operation by FireEye
OSINT APT30 detection rules Loki Scanner Yara rules by Florian Roth
OSINT - APT Attack In the Middle East: The Big Bang
OSINT APT Bestia used in APT attacks on Polish Government
OSINT - APT Case RUAG Technical Report
OSINT APT Volatile Cedar APT yara rules by Florian Roth
OSINT Arid Viper: Gaza vs Israel Cyber Conflict by Trend Micro
OSINT - ASERT Threat Intelligence Report 2016-03 The Four-Element Sword Engagement
OSINT Assorted IOCs associated to Andromeda restlesz.su domain
OSINT - Astrum Drops
OSINT - A tale of two zero-days
OSINT - ATMZombie: banking trojan in Israeli waters
OSINT - Attackers Deploy New ICS Attack Framework “TRITON” and Cause Operational Disruption to Critical Infrastructure
OSINT - Attackers target dozens of global banks with new malware
OSINT -  Attack on Critical Infrastructure Leverages Template Injection
OSINT Attacks against Israeli & Palestinian interests by PwC
OSINT Attacks on East Asia using Google Code for Command and Control by Palo Alto Unit 42
OSINT - Attacks on industrial enterprises using RMS and TeamViewer
OSINT  Aveo Malware Family Targets Japanese Speaking Users by Palo Alto networks Unit 42
OSINT - A Whale of a Tale: HummingBad Returns
OSINT Babar: espionage software finally found and put under the microscope by gdata
OSINT Backdoor.Win32.Equationdrug.A report by Telus
OSINT Backdoor.Win32.Shiz from Lavasoft
OSINT Bad News Bears - Panda Banker Starts Looking More Like a Grizzly by ProofPoint
OSINT - Bad Rabbit: Not-Petya is back with improved ransomware
OSINT - Bad Rabbit ransomware
OSINT - BadRabbit Ransomware Compiled by ThaiCERT, a member of the Electronic Transactions Development Agency
OSINT - Bad Rabbit Yara rules
OSINT - Bahamut Revisited, More Cyber Espionage in the Middle East and South Asia
OSINT - Banking malware on Google Play targets Polish banks
OSINT -  Banking Trojan Attempts To Steal Brazillion$
OSINT Banking Trojan DRIDEX Uses Macros for Infection blog post from Trend Micro
OSINT Beware of what you download. Recent purported CEIEC document dump booby-trapped by Shadow Server
OSINT - Bit Paymer Ransomware Hits Scottish Hospitals
OSINT Black Energy 2 malware analysis blog post by Joseph Mlodzianowski
OSINT - BLACKGEAR Espionage Campaign Evolves, Adds Japan To Target List
OSINT - BlackNurse Denial of Service Attack
OSINT - BlackOasis APT and new targeted attacks leveraging zero-day exploit
OSINT - Black Ruby Ransomware Skips Victims in Iran and Adds a Miner for Good Measure
OSINT Black Vine: Formidable cyberespionage group targeted aerospace, healthcare since 2012 by Symantec
OSINT - Bolek: Leaked Carberp KBot Source Code Complicit in New Phishing Campaigns
OSINT Bookworm Trojan: A Model of Modular Architecture by Palo Alto Unit 42
OSINT -  Booters with Chinese Characteristics: The Rise of Chinese Online DDoS Platforms
OSINT - Botnet bruteforcing Point Of Sale terminals via Remote Desktop
OSINT - Botnet exploiting GPON Vulnerability
OSINT - Callisto Group
OSINT Carbanak gang is back and packing new guns by Eset
OSINT - CARBANAK GROUP USES GOOGLE FOR MALWARE COMMAND-AND-CONTROL
OSINT - Carbon Paper: Peering into Turla’s second stage backdoor
OSINT - Cardinal RAT Active for Over Two Years
OSINT - Case Study of Malicious Actors: Going Postal by CERT.pl
OSINT - CCleanup: A Vast Number of Machines at Risk
OSINT - Champing at the Cyberbit: Ethiopian Dissidents Targeted with New Commercial Spyware
OSINT  Cheshire Cat
OSINT - Chinese-language Ransomware Makes An Appearance
OSINT Chinese Taomike Monetization Library Steals SMS Messages by AlienVault and Palo Alto networks
OSINT - Cisco IOS CVE-2018-0171 attack
OSINT Cisco Talos Thwarts Access to Massive International Exploit Kit Generating $60M Annually From Ransomware Alone by Cisco Talos
OSINT -  Clickjacking Campaign Plays on European Cookie Law
OSINT - CloudFanta Malware Campaign Technical Analysis
OSINT Cmstar Downloader: Lurid and Enfal’s New Cousin by Palo Alto Unit 42
OSINT - Cobian RAT – A backdoored RAT
OSINT -  Communications of the Bolek Trojan
OSINT - Covert Channels and Poor Decisions: The Tale of DNSMessenger
OSINT - CowerSnail, from the creators of SambaCry
OSINT - Cracking Orcus RAT
OSINT - CRASHOVERRIDE Analyzing the Threat to Electric Grid Operations
OSINT Cridex, Feodo, Geodo, Dridex, whats next? by abuse.ch
OSINT - Crypt0l0cker (TorrentLocker): Old Dog, New Tricks
OSINT - Crypter-as-a-Service Helps jRAT Fly Under The Radar
OSINT - Cryptocurrency Miner Uses WMI and EternalBlue To Spread Filelessly
OSINT CryptoWall v4 Emerges Days After Cyber Threat Alliance Report by Palo Alto Networks Unit 42
OSINT - CryptXXX Ransomware Learns the Samba, Other New Tricks With Version 3.100
OSINT - CVE-2015-2545: overview of current threats
OSINT - CVE-2017-0199: In the Wild Attacks Leveraging HTA Handler
OSINT - CVE-­2017-­0199 life of an exploit
OSINT - “Cyber Conflict” Decoy Document Used In Real Cyber Conflict
OSINT - Cyber Heist Attribution
OSINT Cylance SPEAR Team: A Threat Actor Resurfaces from Cylance
OSINT Dalexis/CTB-Locker malspam campaign by SANS Internet Storm Center
OSINT - Danger Close: Fancy Bear Tracking of Ukrainian Field Artillery Units
OSINT - Dark Caracal Cyber-espionage at a Global Scale
OSINT DarkHotel samples at WooYun
OSINT Darkhotel’s attacks in 2015 by Kaspersky
OSINT - Dasan Unauthenticated Remote Code Execution - and ongoing abuse
OSINT - DBGer Ransomware Uses EternalBlue and Mimikatz to Spread Across Networks
OSINT -  Death Comes Calling: Thanatos/Alphabot Trojan Hits the Market
OSINT Defending the White Elephant by Arbor Networks
OSINT - Déjà vu: Petya ransomware appears with SMB propagation capabilities
OSINT Democracy in Hong Kong Under Attack blog post from Volexity (Steven Adair)
OSINT - Demystifying targeted malware used against Polish banks
OSINT - Detecting threat actors in recent German industrial attacks with Windows Defender ATP
OSINT - diamondfox panels
OSINT Digging for Groundhogs: Holes in Your Linux Server by Checkpoint
OSINT - Digmine Cryptocurrency Miner Spreading via Facebook Messenger
OSINT - Dimnie: Hiding in Plain Sight
OSINT - Doctor Web detects several thousand infected Linux devices  Linux.Proxy.10
OSINT - Does Your Mobile Anti-Virus App Protect or Infect You? The Truth Behind DU Antivirus Security
OSINT - Dogspectus Ransomware Analysis
OSINT - Doh! New "Bart" Ransomware from Threat Actors Spreading Dridex and Locky
OSINT Domains and IPs involved in JS ransomware delivered through email by burberry on AlienVault OTX
OSINT - DownAndExec: Banking malware utilizes CDNs in Brazil
OSINT -  Down but Not Out: A Look Into Recent Exploit Kit Activities
OSINT - Downeks and Quasar RAT Used in Recent Targeted Attacks Against Governments
OSINT - Dragonfly: Western energy sector targeted by sophisticated attack group
OSINT - Dridex Actors Get In the Ransomware Game With "Locky"
OSINT - Dridex Banking Trojan Returns, Leverages New UAC Bypass Method
OSINT - Dridex Returns To Action For Smaller, More Targeted Attacks
OSINT - DRIDEX’s New Tricks Lead to Global Spam Outbreak
OSINT DTL-12012015-01: Hong Kong SWC attack from Dragon Threat Labs
OSINT Duping Doping Domains - Possible Fancy Bear Domains Spoofing Anti-Doping and Olympic Organizations by ThreatConnect
OSINT Dust Storm Campaign Targeting Japanese Critical Infrastructure
OSINT Duuzer back door Trojan targets South Korea to take over computers by Symantec
OSINT - Dvmap: the first Android malware with code injection
OSINT Dyre Malware Campaigners Innovate with Distribution Techniques by ProofPoint
OSINT Dyreza Campaigners Set Sights on the Fulfillment and Warehousing Industry by ProofPoint
OSINT EFF Report Operation Manul
OSINT - EITest Nabbing Chrome Users with a “Chrome Font” Social Engineering Scheme
OSINT - ELF.Rex
OSINT - El Machete's Malware Attacks Cut Through LATAM
OSINT Emerging Threat Alert - CVE-2014-4114 blog post by Cylance
OSINT - Emotet, New high-volume spam campaign has links pointing to malicious documents that download banking Trojan
OSINT - Emotet Trojan Acts as Loader, Spreads Automatically
OSINT - EngineBox Malware Supports 10+ Brazilian Banks
OSINT - Enhanced Analysis of  GRIZZLY STEPPE  Activity
OSINT Enrichment on OSINT - STRONTIUM: A profile of a persistent and motivated adversary
OSINT Enterprises Hit by BARTALEX Macro Malware in Recent Spam Outbreak by Trend Micro
OSINT - EPS Processing Zero-Days Exploited by Multiple Threat Actors
OSINT - Evidence Aurora Operation Still Active Part 2: More Ties Uncovered Between CCleaner Hack & Chinese Hackers
OSINT Evil Bunny: Suspect #4
OSINT  Evilgrab Delivered by Watering Hole Attack on President of Myanmar’s Website by Palo Alto Unit 42
OSINT - Evolution of SamSa Malware Suggests New Ransomware Tactics In Play
OSINT Evolution of the Nuclear Exploit Kit by Cisco Talos group
OSINT - Ewind – Adware in Applications’ Clothing
OSINT - Exaspy – Commodity Android Spyware Targeting High-level Executives
OSINT Expansion on Additional indicators relating to Sofacy (APT28) phishing blog post by PWC
OSINT Expansion on APT-28 - Evolving Threats: dissection of a Cyber-Espionage attack
OSINT Expansion on hacking team VPS IPs using PassiveTotal by Brandon Dixon
OSINT expansion on OSINT - Ding! Your RAT has been delivered by Cisco Talos
OSINT Expansion on Rotten Tomato campaign
OSINT Expansion on Snake
OSINT Expansion on Systematic cyber attacks against Israeli and Palestinian targets going on for a year by Norman
OSINT -  ExpensiveWall: A Dangerous ‘Packed’ Malware On Google Play That Will Hit Your Wallet
OSINT - Experts analyzed an Advanced "all in memory" CryptoWorm
OSINT - Exploring CVE-2015-2545 and its users
OSINT Exploring .XYZ (Another Shady TLD Report) by Blue Coat
OSINT - Exposing an AV-Disabling Driver Just in Time for Lunch
OSINT - Fake Snapchat in Google Play Store
OSINT - Fake Windows Troubleshooting Support Scam Uploads Screenshots & Uses Paypal
OSINT Fancy Bear Pens the Worst Blog Posts Ever by ThreatConnect
OSINT  - Fancy Bear Source Code
OSINT -  Fareit Spam: Rocking Out to a New File Type
OSINT - FBI MSIL/Samas.A Ransomware Flash Alerts (FBI Flash Alert MC-000068-MW, February 18, 2016  & FBI Flash Alert MC-000070-MW, March 25, 2016)
OSINT Fidelis Threat Advisory #1014 "Bots, Machines, and the Matrix"
OSINT Fidelis Threat Advisory #1018 Looking at the Sky for a DarkComet from the Fidelis Cybersecurity
OSINT Fidelis Threat Advisory #1019 Ratcheting Down on JSocket: A PC and Android Threat by Fidelis Cybersecurity
OSINT - Fileless attacks against enterprise networks
OSINT - File-Locker Ransomware Targets Korean Victims and asks for 50K Won
OSINT - File Spider Ransomware Targeting the Balkans With Malspam
OSINT - FIN7/Carbanak threat actor unleashes Bateleur JScript backdoor
OSINT - FINDING THE RAT’S NEST
OSINT - FIREBALL – The Chinese Malware of 250 Million Computers Infected
OSINT - FireEye Uncovers CVE-2017-8759: Zero-Day Used in the Wild to Distribute FINSPY
OSINT - First C&C (IPv6) - Azorult
OSINT - First Kotlin-Developed Malicious App Signs Users Up for Premium SMS Services
OSINT - FlexSpy Application Analysis
OSINT - Floki Bot and the stealthy dropper
OSINT - Flokibot Invades PoS: Trouble in Brazil
OSINT - Flying Dragon Eye: Uyghur Themed Threat Activity
OSINT Following the Trail of BlackTech’s Cyber Espionage Campaigns by TrendMicro
OSINT - Forgot About Default Accounts? No Worries, GoScanSSH Didn’t
OSINT - FreeMilk: A Highly Targeted Spear Phishing Campaign
OSINT - From Espionage to Cyber Propaganda: Pawn Storm's Activities over the Past Two Years
OSINT - From Humming Bad to Worse
OSINT - From RTF to Cobalt Strike passing via Flash
OSINT - Gaffe Reveals Full List of Targets in Spear Phishing Attack Using Cobalt Strike Against Financial Institutions
OSINT - GandCrab Ransomware Distributed by Exploit Kits, Appends GDCB Extension
OSINT - GandCrab Version 3 Released With Autorun Feature and Desktop Background
OSINT Gaza cybergang, where’s your IR team? by Kaspersky
OSINT - Gazing at Gazer
OSINT Generic Yara rule to detect PlugX by Jay DiMartino
OSINT - German Speakers Targeted by SPAM Leading to Ozone RAT
OSINT - GongDa vs. Korean News
OSINT - Goodbye Cerber? Hello Magniber Ransomware!
OSINT -  Goodfellas, the Brazilian carding scene is after you
OSINT - Google Discovers New Tizi Android Spyware
OSINT - Google Play Apps Infected with Malicious IFrames
OSINT - GOOLIGAN - More than a million Google accounts breached
OSINT - Gozi ISFB Remains Active in 2018, Leverages "Dark Cloud" Botnet For Distribution
OSINT - Graftor - But I Never Asked for This…
OSINT - GratefulPOS credit card stealing malware - just in time for the shopping season
OSINT - GRIZZLY STEPPE – Additional expansion
OSINT - GRIZZLY STEPPE – Russian Malicious Cyber Activity
OSINT Group5: Syria and the Iranian Connection by Citizen Lab
OSINT - Guaranteed Clicks: Mobile App Company Takes Control of Android Phones
OSINT - GZipDe: An Encrypted Downloader Serving Metasploit
OSINT -  HackingTeam back for your Androids, now extra insecure!
OSINT Hacking Team Reloaded? US-Based Ethiopian Journalists Again Targeted with Spyware by Citizen Lab
OSINT - Hades Locker Ransomware Mimics Locky
OSINT - Halloware Ransomware on Sale on the Dark Web for Only $40
OSINT -  Hancitor and Ruckguv Reappear, Updated and With Vawtrak On Deck
OSINT - Hangul Word Processor and PostScript Abused Via Malicious Attachments
OSINT - HC7 GOTYA Ransomware Installed via Remote Desktop Services. Spread with PsExec
OSINT - HIDDEN COBRA – North Korean Remote Administration Tool: FALLCHILL
OSINT - HIDDEN COBRA – North Korean Trojan: Volgmer
OSINT - High-Volume Dridex Campaigns Return, First to Hit Millions Since June 2016
OSINT - Houdini’s Magic Reappearance
OSINT - How Malformed RTF Defeats Security Engines
OSINT - How Mobile Bankbots Disguise as Perfectly Trustworthy Apps
OSINT - How Stampado Ransomware Analysis Led To Yara Improvements
OSINT -  Hunt Case Study: Hunting Campaign Indicators on Privacy Protected Attack Infrastructure
OSINT - Hunting for Malware with Machine Learning
OSINT - Hunting Libyan Scorpions
OSINT H-Worm IOCs from WooYun
OSINT -  IcedID Banking Trojan Teams up with Rovnix for Distribution
OSINT -  Igexin advertising network put user privacy at risk
OSINT - ikittens: iranian actor resurfaces with malware for mac (macdownloader)
OSINT I Know You Want Me - Unplugging PlugX from Takahiro Haruyama & Hiroshi Suzuki Black Hat Asia 2014 presentation
OSINT  In-Depth Look: APT Attack Tools of the Trade blog post by Trend Micro
OSINT Infected Korean Website Installs Banking Malware by Cyphort
OSINT In Pursuit of Optical Fibers and Troop Intel: Targeted Attack Distributes PlugX in Russia by ProofPoint
OSINT - In the Shadows: Vawtrak Aims to Get Stealthier by adding New Data Cloaking
OSINT Introducing HATs: Highly Annoying Threats by BlueCoat
OSINT Introducing Hi-Zor RAT by Fidelis
OSINT - Introducing ROKRAT
OSINT - Investigation of Linux.Mirai Trojan family
OSINT - InvisiMole: surprisingly equipped spyware, undercover since 2013
OSINT IOC from ponmocup malware
OSINT - IoT_reaper: A Rappid Spreading New IoT Botnet
OSINT - IRONGATE ICS Malware: Nothing to See Here...Masking Malicious Activity on SCADA Systems
OSINT - JadeRAT mobile surveillanceware spikes in espionage activity
OSINT -  Jaff Ransomware: Player 2 Has Entered The Game
OSINT - Javascript malware hosted on US government site which launches powershell to connect to C2.
OSINT - Jimmy Nukebot: from Neutrino with love
OSINT - Keep Calm and (Don’t) Enable Macros: A New Threat Actor Targets UAE Dissidents
OSINT - Kelihos botnet delivering CryptFlle2 Ransomware with theme AmericanAirlines
OSINT KeyRaider: iOS Malware Steals Over 225,000 Apple Accounts to Create Free App Utopia by Palo Alto Networks Unit 42
OSINT Korplug military targeted attacks: Afghanistan & Tajikistan blog post from ESET
OSINT - Kovter becomes almost file-less, creates a new file type, and gets some new certificates
OSINT - Kromtech Discovers Massive Elasticsearch Infected Malware Botnet
OSINT - Kronos Banking Trojan Used to Deliver New Point-of-Sale Malware
OSINT - Kronos Reborn
OSINT - Lame proxychanger, apparently related to a clickfraud botnet.
OSINT - LAZARUS’ FALSE FLAG MALWARE
OSINT - Leafminer: New Espionage Campaigns Targeting Middle Eastern Regions
OSINT Leviathan: Espionage actor spearphishes maritime and defense targets
OSINT - Lifting the lid on Sednit: A closer look at the software it uses
OSINT - LinkedIn information used to spread banking malware in the Netherlands
OSINT - Linux.Bew: un backdoor para el minado de Bitcoin
OSINT - Linux/GafGyt - DVR devices compromised/infected
OSINT - LMAOxUS Ransomware: Another Case of Weaponized Open Source Ransomware
OSINT - LockPoS Joins the Flock
OSINT - LOCKY DGA THREAT ACTOR(S)
OSINT - Locky Ransomware Arrives via Email Attachment
OSINT - Locky Ransomware Domains – Followup Analysis Uncovers 130 New Indicators
OSINT - Locky Ransomware Pushed Alongside FakeGlobe in Upgraded Spam Campaigns
OSINT - Locky Ransomware switches to the Lukitus extension for Encrypted Files
OSINT - Locky: the encryptor taking the world by storm
OSINT - Lojack Becomes a Double-Agent
OSINT - Looking Into a Cyber-Attack Facilitator in the Netherlands by Trend Micro
OSINT Lost your iPhone? Be on guard for a perfectly-timed Apple ID phishing attack by Hot For Security
OSINT - LuminosityLink RAT
OSINT - Mac Malware of 2017
OSINT - MacRansom: Offered as Ransomware as a Service
OSINT Macro documents with XOR Encoded Payloads by PhishMe
OSINT - Macro Malware Employs Advanced Obfuscation to Avoid Detection
OSINT - Maikspy Spyware Poses as Adult Game, Targets Windows and Android Users
OSINT - Maktub ransomware: possibly rebranded as Iron
OSINT - Malicious applications stayed at Google Appstore for months
OSINT - Malicious Apps Get Back on the Play Store Just by Changing Their Name
OSINT - Malicious Chrome Extensions Stealing Roblox In-Game Currency, Sending Cookies via Discord
OSINT - Malicious document targets Vietnamese officials
OSINT - Malicious iBanking application with new uninstall countermeasures
OSINT - Malicious Macros Add Sandbox Evasion Techniques to Distribute New Dridex
OSINT - Malicious script dropping an executable signed by Avast?
OSINT: Malicious software targeting financial sector internals
OSINT - Malicious SVG Files in the Wild
OSINT - Malspam delivers NanoCore RAT
OSINT - Malspam pushing Locky ransomware tries HoeflerText notifications for Chrome and FireFox
OSINT - Malware Campaign Using Google Docs Intercepted, Thousands of Users Affected
OSINT - Malware Employs PowerShell to Infect Systems
OSINT - Malware Group Uses Facebook CDN to Bypass Security Solutions
OSINT - Malware is being signed with multiple digital certificates to evade detection
OSINT - Malware Leveraging PowerSploit
OSINT - Malware That Hit Pyeongchang Olympics Deployed in New Attacks
OSINT - Malware uncovered by ESET researchers aimed at gamers
OSINT - March 28, 2018: Malware Analysis Report (MAR-10135536.11) – North Korean Trojan: SHARPKNOT
OSINT Massive AdGholas Malvertising Campaigns Use Steganography and File Whitelisting to Hide in Plain Sight by ProofPoint
OSINT - Massive outbreak of ransomware variant infects large amounts of computers around the world
OSINT - Masuta : Satori Creators’ Second Botnet Weaponizes A New Router Exploit.
OSINT - Matrix Ransomware Spreads to Other PCs Using Malicious Shortcuts
OSINT -  McAfee Discovers Pinkslipbot Exploiting Infected Machines as Control Servers; Releases Free Tool to Detect, Disable Trojan
OSINT - McAfee Labs Threat Advisory Ransomware-Locky
OSINT - McAfee Uncovers Operation Honeybee, a Malicious Document Campaign Targeting Humanitarian Aid Groups
OSINT Meet GreenDispenser: A New Breed of ATM Malware by ProofPoint
OSINT - Meet Ovidiy Stealer: Bringing credential theft to the masses
OSINT - Meet Remaiten – a Linux bot on steroids targeting routers and potentially other IoT devices
OSINT - menuPass Returns with New Malware and New Attacks Against Japanese Academics and Organizations
OSINT - MICROCIN MALWARE
OSINT Microsoft Office Zero-Day CVE-2015-2424 Leveraged By Tsar Team report by iSight
OSINT - Microsoft Word Intruder 8 Adds Support for Flash Vulnerability CVE-2016-4117
OSINT Microsoft Word Intruder gets down to business: Operation Pony Express by Sophos
OSINT Milano Hacking Team malware detection tool & IOCs by Rook Security
OSINT - Minecraft & CS:GO Ransomware Strive For Media Attention
OSINT - Mitigating and eliminating info-stealing Qakbot and Emotet in corporate networks
OSINT - MM Core In-Memory Backdoor Returns as "BigBoss" and "SillyGoose"
OSINT - MMD-0033-2015 - Linux/XorDDoS infection incident report (CNC: HOSTASA.ORG)
OSINT - Mobile banking Trojan sneaks into Google Play targeting Wells Fargo, Chase and Citibank customers
OSINT - Mobile Devices Used to Execute DNS Malware Against Home Routers
OSINT - ModPOS: A Framework Lurking in Point-of-Sale System Kernels
OSINT - Mofang: A politically motivated information stealing adversary
OSINT - Mole66 Cryptomix Ransomware Variant Released
OSINT - Money-making machine: Monero-mining malware
OSINT Morpho: Profiting from high-level corporate attacks by Symantec
OSINT - Most prevalent Android ransomware in the West arrives in Japan
OSINT - MS Office exploit analysis – CVE-2015-1641
OSINT MSRT February update from Microsoft
OSINT - MULTIGRAIN – Point of Sale Attackers Make an Unhealthy Addition to the Pantry
OSINT - Multi-stage malware sneaks into Google Play
OSINT  Musical Chairs: Multi-Year Campaign Involving New Variant of Gh0st Malware by Palo Alto Networks Unit 42
OSINT - NANHAISHU RATing the South China Sea
OSINT - Nasty adware hiding in apps on Google Play Store
OSINT - Nemucod downloader spreading via Facebook
OSINT - Neo23x0 Yara Rule Set and Sigma Rule Set - WannaCry
OSINT - NetTraveler APT Targets Russian, European Interests
OSINT Neutrino Exploit Kit – One Flash File to Rule Them All by SpiderLabs
OSINT New activity of the Blue Termite APT by AlienVault
OSINT - New Android trojan targeting over 60 banks and social apps
OSINT - New Arena Crysis Ransomware Variant Released
OSINT - New Backup Cryptomix Ransomware Variant Actively Infecting Users
OSINT New C2 – Neutrino Exploit Kit via pseudoDarkleech HOPTO.ORG gate delivers CrypMic Ransomware by Broad Analysis
OSINT - New Carbanak / Anunak Attack Methodology
OSINT - New Crypto-Ransomware JIGSAW Plays Nasty Games
OSINT New Discovery: Ties Between Corebot and Darknet Crypt Service by Damballa
OSINT - New Donut Ransomware
OSINT - New Downloader for Locky
OSINT New 'f0xy' malware is intelligent - employs cunning stealth & trickery from Websense
OSINT - New FAREIT Strain Abuses PowerShell
OSINT - New FinFisher surveillance campaigns: Internet providers involved?
OSINT New Hacking Team IOC’s Released by Rook security
OSINT - New Hacking team samples (OSX)
OSINT New Indicators of Compromise for APT Group Nitro Uncovered blog post by Palo Alto Networks
OSINT - New Infostealer Trojan uses Fiddler Proxy & Json.NET
OSINT - New KONNI Campaign References North Korean Missile Capabilities
OSINT - New Linux Malware Exploits CGI Vulnerability
OSINT - New Linux/Rakos threat: devices and servers under SSH scan (again)
OSINT - New Locky Variant Implements Evasion Techniques
OSINT - New Loki Variant Being Spread via PDF File
OSINT  - New Mac backdoor using antiquated code
OSINT -  New Malware with Ties to SunOrcal Discovered
OSINT - New Matrix Ransomware Variants Installed Via Hacked Remote Desktop Services
OSINT -  New multi platform malware/adware spreading via Facebook Messenger
OSINT - New Nuclear BTCWare Ransomware Released
OSINT - New Orangeworm attack group targets the healthcare sector in the U.S., Europe, and Asia
OSINT - New OS X Ransomware KeRanger Infected Transmission BitTorrent Client Installer
OSINT - New Paradise Ransomware variant
OSINT - New Poison Ivy Activity Targeting Myanmar, Asian Countries
OSINT - New Poison Ivy RAT Variant Targets Hong Kong Pro-Democracy Activists
OSINT - New Scheme: Spread Popcorn Time Ransomware, get chance of free Decryption Key
OSINT - New self-protecting USB trojan able to avoid detection
OSINT - New SMB Worm Uses Seven NSA Hacking Tools. WannaCry Used Just Two
OSINT - New SmsSecurity Variant Roots Phones, Abuses Accessibility Features and TeamViewer
OSINT New Sofacy Attacks Against US Government Agency by Palo Alto Unit 42
OSINT - New targeted attack against Saudi Arabia Government
OSINT - New traces of Hacking Team in the wild
OSINT - New Variant of Petya Ransomware Spreading Like Wildfire
OSINT - New Variant of Ploutus ATM Malware Observed in the Wild in Latin America
OSINT New Variants of Agent.BTZ/ComRAT Found: The Threat That Hit The Pentagon In 2008 Still Evolving by Intezer
OSINT - New Version of the Kronos Banking Trojan Discovered
OSINT - New Version of “Trickbot” Adds Worm Propagation Module
OSINT - New Wekby Attacks Use DNS Requests As Command and Control Mechanism
OSINT - Nile Phish: Large-Scale Phishing Campaign Targeting Egyptian Civil Society
OSINT - North Korea Bitten by Bitcoin Bug: Financially motivated campaigns reveal new dimension of the Lazarus Group
OSINT - Now Mirai Has DGA Feature Built in
OSINT - OceanLotus Blossoms: Mass Digital Surveillance and Attacks Targeting ASEAN, Asian Nations, the Media, Human Rights Groups, and Civil Society
OSINT - #OCJP-133: Hancitorマルウェア感染 と ハッキングされたWordpress
OSINT - Octopus-Rex. Evolution of a multi task Botnet
OSINT - Odinaff: New Trojan used in high level financial attacks
OSINT - Off-the-shelf Ransomware Used to Target the Healthcare Sector
OSINT - Off-the-shelf RATs Targeting Pakistan
OSINT -  OilRig Deploys “ALMA Communicator” – DNS Tunneling Trojan
OSINT - One, if by email, and two, if by EK: The Cerbers are coming!
OSINT - On the Economic Significance of Ransomware Campaigns: A Bitcoin Transactions Perspective
OSINT  - Oops, they did it again: APT Targets Russia and Belarus with ZeroT and PlugX
OSINT - “Operation C-Major” Actors Also Used Android, BlackBerry Mobile Spyware Against Targets
OSINT - Operation C-Major: Information Theft Campaign Targets Military Personnel in India
OSINT Operation Double Tap from FireEye
OSINT - Operation Dragonfly Analysis Suggests Links to Earlier Attacks
OSINT - Operation Ghoul: targeted attacks on industrial and engineering organizations
OSINT -  Operation Groundbait: Espionage in Ukrainian war zones
OSINT - Operation Ke3chang Resurfaces With New TidePool Malware
OSINT Operation Molerats: Middle East Cyber Attacks Using Poison Ivy by Fire Eye
OSINT - Operation RAT Cook: Chinese APT actors use fake Game of Thrones leaks as lures
OSINT - Operation Transparent Tribe
OSINT OrcaRAT - A whale of a tale blog post by PWC
OSINT Orcus – Birth of an unusual plugin builder RAT by Palo Alto Unit 42
OSINT - OSX Malware is Catching Up, and it wants to Read Your HTTPS Traffic
OSINT OSX/Pintsized Backdoor Additional Details by Zataz / Eric Romang
OSINT -  Over 100,000 South Korean Users Affected by BlackMoon Campaign
OSINT - Pacifier APT
OSINT - Packrat: Seven Years of a South American Threat Actor
OSINT - Part I. Russian APT - APT28 collection of samples including OSX XAgent
OSINT Passive DNS ponmocup malware - 109.74.195.149 in VirusTotal
OSINT Password Hygiene: Hiding Your Identity is Difficult for Attackers and Adulterers by Threat Geek
OSINT - Patchwork cyberespionage group expands targets from governments to wide range of industries
OSINT 'Paying-Days' CryptoWall 3.0 Campaign via Magnitude EK report by malwarefor.me
OSINT Pay No Attention to the Server Behind the Proxy: Mapping FinFisher’s Continuing Proliferation by Citizen Lab
OSINT - PetrWrap: the new Petya-based ransomware used in targeted attacks
OSINT - PETYA Crypto-ransomware Overwrites MBR to Lock Users Out of Their Computers
OSINT - Petya Ransomware
OSINT - Petya Ransomware Returns with GoldenEye Version, Continuing James Bond Theme
OSINT Phantom of the Opaera: New KASPERAGENT Malware Campaign by ThreatConnect
OSINT Phishing sites and exploit kits december 2015 - part 2 by TechHelpList
OSINT phishing sites and php kits - February 2016 - Part 1 by TechHelpList
OSINT phishing sites and php kits - January 2016 - Part 1  by TechHelpList
OSINT phishing sites and php kits - January 2016 - Part 2 by TechHelpList
OSINT - PLATINUM Targeted attacks in South and Southeast Asia
OSINT -  Player 3 Has Entered the Game: Say Hello to 'WannaCry'
OSINT - PLEAD Downloader Used by BlackTech
OSINT - PlugX goes to the registry (and India)
OSINT - PlugX-т өртсөн системийг цэвэрлэх нь
OSINT - Pocket cryptofarms
OSINT - Pokémon-themed Umbreon Linux Rootkit Hits x86, ARM Systems
OSINT Pony Up: Tracing Pony’s Threat Cycle and Multi-Stage Infection Chain by Damballa
OSINT Poseidon And Backoff Pos – The Links And Similarities by Team Cymru
OSINT Potao Express samples from contagiodump
OSINT Potential CNC base on CCNE activities described in NSA document leak
OSINT - powershell used for spreading trojan.laziok through google docs
OSINT - PowerSniff Malware Used in Macro-based Attacks
OSINT - Practice Makes Perfect: Nemucod Evolves Delivery and Obfuscation Techniques to Harvest Credentials
OSINT -  Preinstalled Malware Targeting Mobile Users
OSINT - Prince of Persia – Game Over
OSINT - Prince of Persia: Infy Malware Active In Decade of Targeted Attacks
OSINT - ProjectSauron: top level cyber-espionage platform covertly extracts encrypted government comms
OSINT - PROMETHIUM and NEODYMIUM: Parallel zeroday attacks targeting individuals in Europe
OSINT - PSA: Conference Invite used as a Lure by Operation Lotus Blossom Actors
OSINT - PUBG Ransomware Decrypts Your Files If You Play PlayerUnknown's Battlegrounds
OSINT - Pulling Back the Curtains on EncodedCommand PowerShell Attacks
OSINT Puttering into the Future...by Cylance
OSINT - Python-Based PWOBot Targets European Organizations
OSINT - Quick analysis of malware created with NSIS
OSINT - Qwerty Ransomware Utilizes GnuPG to Encrypt a Victims Files
OSINT - RANCOR: Targeted Attacks in South East Asia Using PLAINTEE and DDKONG Malware Families
OSINT - Ransoc Desktop Locking Ransomware Ransacks Local Files and Social Media Profiles
OSINT - RawPOS Malware Rides Again
OSINT - Readers of popular websites targeted by stealthy Stegano exploit kit hiding in pixels of malicious ads
OSINT - Real News, Fake Flash: Mac OS X Users Targeted
OSINT - Recent Winnti Infrastructure and Samples
OSINT Recorded Future using shodan to find RAT controllers
OSINT Regin samples shared by VirusShare
OSINT - Rehashed RAT Used in APT Campaign Against Vietnamese Organizations
OSINT -  Repository containting orignal and decompiled files of TRISIS/TRITON/HATMAN malware
OSINT - Retefe banking Trojan targets UK banking customers
OSINT - Retefe is back in town
OSINT - Return of Not Petya as Bad Rabbit Diskcoder, yes those two are the same!
OSINT Revealing the Cyber-Kraken (Threat Group 3390 / Emissary Panda) by SecureWorks
OSINT - Reverse-engineering DUBNIUM
OSINT Rex -Linux P2P Ransom botnet by This Is Security blog
OSINT - Reyptson Ransomware Spams Your Friends by Stealing Thunderbird Contacts
OSINT - RIG exploit kit distributes Princess ransomware
OSINT - Rise of One More Mirai Worm Variant
OSINT -  Roaming Mantis uses DNS hijacking to infect Android smartphones
OSINT Roaming tiger by Anton Cherepanov from ESET
OSINT - ROKRAT Reloaded
OSINT - Root cause analysis of the latest Internet Explorer zero day – CVE-2018-8174
OSINT - Rotten Apples: Apple-Like Malicious Phishing Domains by FireEye
OSINT -  Royal APT - APT15 - Related Information from NCC Group Cyber Defense Operations Research
OSINT RTF Exploit Installs Italian RAT: uWarrior by Palo Alto
OSINT - RTF files for Hancitor utilize exploit for CVE-2017-11882
OSINT - RuMMS: The Latest Family of Android Malware Attacking Users in Russia Via SMS Phishing
OSINT - Rurktar - Spyware under Construction
OSINT - Saga 2.0 (Sage 2.0) comes with IP Generation Algorithm (IPGA)
OSINT - Satana ransomware – threat coming soon?
OSINT - Saudi Arabia's 'Game of Thobes'
OSINT ScanBox framework – who’s affected, and who’s using it?  by PWC
OSINT - Second Wave of Shamoon 2 Attacks Identified
OSINT - Security Brief: The French Retis Ransomware Appends .Crypted
OSINT - Sednit espionage group now using custom exploit kit
OSINT - Sednit update: Analysis of Zebrocy
OSINT - Sednit update: How Fancy Bear Spent the Year
OSINT - Setting Sights On Retail: AbaddonPOS Now Targeting Specific POS Software
OSINT - shadow-brokers-windows
OSINT - Shadowfall
OSINT - ShadowPad in corporate networks
OSINT - ShadowPad :  popular server management software hit in supply chain attack
OSINT Shakti Trojan: Document Thief  by Malwarebytes
OSINT - Shamoon 2: Delivering Disttrack
OSINT -  Shamoon 2: Return of the Disttrack Wiper
OSINT Shark Ransomware: Ransomware as a service
OSINT - Shell Crew Variants Continue to Fly Under Big AV’s Radar
OSINT Shellshock exploitation from Red Sky Weekly blog post
OSINT ShellShock scanning IPs from OpenDNS
OSINT - SHELLTEA + POSLURP MALWARE
OSINT - Shifting Tactics: Tracking changes in years-long espionage campaign against Tibetans
OSINT - Significant FormBook Distribution Campaigns Impacting the U.S. and South Korea
OSINT - Sigrun Ransomware Author Decrypting Russian Victims for Free
OSINT - Similarities Between Carbanak and FIN7 Malware Suggest Actors Are Closely Related
OSINT - SLocker Mobile Ransomware Starts Mimicking WannaCry
OSINT - Smominru Monero mining botnet making millions for operators
OSINT Snakes in the Satellites: On-going Turla Infrastructure by PassiveTotal
OSINT - Sofacy Attacks Multiple Government Entities
OSINT - Sofacy’s ‘Komplex’ OS X Trojan by Palo Alto networks
OSINT - Sofacy Uses DealersChoice to Target European Government Agency
OSINT - Sowbug: Cyber espionage group targets South American and Southeast Asian governments
OSINT - Spam Campaign Delivers Cross-platform Remote Access Trojan Adwind
OSINT - Spora - the Shortcut Worm that is also a Ransomware
OSINT - Spotlight on Shamoon
OSINT - SpyDealer: Android Trojan Spying on More Than 40 Apps
OSINT SSH bruteforce logs from burberry user on AlienVault OTX
OSINT SSH Scanning activity by Andrew Morris
OSINT - StalinLocker Deletes Your Files Unless You Enter the Right Code
OSINT - SteamStealer IPs
OSINT - Still stealing
OSINT - STOP SCANNING MY MACRO
OSINT - Strider: Cyberespionage group turns eye of Sauron on targets
OSINT - Striking Oil: A Closer Look at Adversary Infrastructure
OSINT - StrongPity2 spyware replaces FinFisher in MitM campaign – ISP involved?
OSINT - SURGE IN SPAM CAMPAIGN DELIVERING LOCKY RANSOMWARE DOWNLOADERS
OSINT - Suspicious binary delivered as fake jpeg
OSINT - swift from theshadowbrokers
OSINT - Switcher: Android joins the ‘attack-the-router’ club
OSINT - SynAck Ransomware Sees Huge Spike in Activity
OSINT Systematic cyber attacks against Israeli and Palestinian targets going on for a year by Norman
OSINT - Tainted Leaks: Disinformation and Phishing With a Russian Nexus
OSINT - Taiwan targeted with new cyberespionage back door Trojan
OSINT - Tale of the Two Payloads – TrickBot and Nitol
OSINT - Talos/Cisco  Threat Roundup for April 6 - 13
OSINT - Targeted Attacks against Banks in the Middle East
OSINT Targeted Attacks against Tibetan and Hong Kong Groups Exploiting CVE-2014-4114 by Citizen Lab
OSINT - Targeted Attacks in the Middle East Using KASPERAGENT and MICROPSIA
OSINT Targeted Malware Attacks against NGO Linked to Attacks on Burmese Government Websites by Citizen Labs
OSINT - Targeted Threat Leads to Keylogger via Fake Silverlight Update
OSINT - Teaching an old RAT new tricks
OSINT - TeamXRat: Brazilian cybercrime meets ransomware
OSINT Technical Analysis Tracks the Sakula Malware Family by SecureWorks
OSINT - TelegramRAT evades traditional defenses via the cloud
OSINT - Test Cryptomix Ransomware Variant Released
OSINT - The Blockbuster Saga Continues
OSINT - The Blockbuster Sequel
OSINT The Casino Malvertising Campaign by MalwareBytes
OSINT - The Cerber Ransomware not only Encrypts Your Data But Also Speaks to You
OSINT - The Connections Between MiniDuke, CosmicDuke and OnionDuke
OSINT - The Curious Case of an Unknown Trojan Targeting German-Speaking Users
OSINT - The Curious Case of a Reconnaissance Campaign Targeting Ministry and Embassy Sites
OSINT - The curious case of a Sundown EK variant dropping a Cryptocurrency Miner
OSINT - The Curious Case of Notepad and Chthonic: Exposing a Malicious Infrastructure
OSINT The Curious Case of the Document Exploiting an Unknown Vulnerability – Part 2: RATs, Hackers and Rihanna by Fortinet
OSINT - The DiskWriter or UselessDisk BootLocker May Be A Wiper
OSINT - The Dropping Elephant – aggressive cyber-espionage in the Asian region
OSINT - THE DUKES 7 years of Russian cyberespionage
OSINT - The Dukes R&D Finds a New Anti-Analysis Technique
OSINT The Dyre Wolf report from IBM
OSINT - The Emotet Banking Trojan: Analysis of Dropped Malware Morphing at Scale
OSINT - The first cryptor to exploit Telegram
OSINT - The Gamaredon Group Toolset Evolution
OSINT The Ghost Dragon by Cylance
OSINT The Italian Connection: An analysis of exploit supply chains and digital quartermasters by Shadowserver
OSINT - The Latest Android Overlay Malware Spreading via SMS Phishing in Europe
OSINT - The Mad Max DGA
OSINT - The MeDoc Connection
OSINT -  The new .LNK between spam and Locky infection
OSINT The Path to Mass-Producing Cyber Attacks by FireEye
OSINT -  The Recorded Future Blog Malicious Android Applications Raise Concerns for Enterprises
OSINT - The Rise of Dridex and the Role of ESPs
OSINT - The rise of TeleBots: Analyzing disruptive KillDisk attacks
OSINT The Rotten Tomato Campaign
OSINT The Shade Encryptor: a Double Threat by Kaspersky
OSINT - THE SHADOWS OF GHOSTS INSIDE THE RESPONSE OF A UNIQUE CARBANAK INTRUSION
OSINT The Sofacy plot thickens by PwC
OSINT The Teenage Mutant Malvertiser Network by FireEye
OSINT - The Week in Ransomware - June 15th 2018 - DBGer, Scarab, and More
OSINT - The Week in Ransomware - June 8th 2018 - CryBrazil, CryptConsole, and Magniber
OSINT - The WhiteRose Ransomware Is Decryptable & Tells A Strange Story
OSINT - The ZAYKA and NOOB CryptoMix Ransomware Variants Released in Quick Succession
OSINT - Threat actor goes on a Chrome extension hijacking spree
OSINT - Threat actors leverage EternalBlue exploit to deliver non-WannaCry payloads
OSINT - Threat Actors Target Government of Belarus Using CMSTAR Trojan
OSINT Threat Actors Use Sketchy Dating Website to Launch New Home Router Attacks by Damballa
OSINT - Threat Actors Using Legitimate PayPal Accounts To Distribute Chthonic Banking Trojan
OSINT - ThreatConnect reviews activity targeting Bellingcat, a key contributor in the MH17 investigation. (Belling the BEAR)
OSINT Threat Group-4127 Targets Google Accounts by Secureworks
OSINT Threat Research Team Goes “Beyond the Exploit” in Search of Payloads from MS15-093 by bit9
OSINT Threat Spotlight: Angler Lurking in the Domain Shadows by Cisco Talos group
OSINT - Threat Spotlight: Is Fireball Adware or Malware?
OSINT - Threat Spotlight: Mighty Morphin Malware Purveyors: Locky Returns Via Necurs
OSINT  Threat Spotlight: Spam Served With a Side of Dridex from Cisco Talos
OSINT Tibetan Uprising Day Malware Attacks by Citizen Labs
OSINT - “Tick” Group Continues Attacks
OSINT - Tick Group Weaponized Secure USB Drives to Target Air-Gapped Critical Systems
OSINT Tinted CVE decoy spearphising attempt on Central Bank of Armenia employees by BlueCoat
OSINT - Tizi: Detecting and blocking socially engineered spyware on Android
OSINT - Tofsee – modular spambot
OSINT TorrentLocker Ransomware Email IoCs 8/16/2016 by neonPrimeTime user on AlienVault OTX
OSINT Tracking MiniDionis: CozyCar’s New Ride Is Related to Seaduke by Unit 42 Palo Alto Networks
OSINT Track to the future - How to use historical intelligence to get back to the future and defend your organization (example using APT28) by ThreatConnect
OSINT - TREASUREHUNT: A CUSTOM POS MALWARE TOOL
OSINT Trend Micro Exposes LURID APT
OSINT - Trochilus and New MoonWind RATs Used In Attack Against Thai Organizations
OSINT - Trojanized Adobe Installer used to Install DragonOK’s New Custom Backdoor
OSINT Trojanized PuTTY Software by Cisco CSIRT
OSINT - Trojan.Mirai.1 for Microsoft Windows
OSINT Trojan.Win32.Banker.NWT by AlienVault and Telus
OSINT - Tropic Trooper Targets Taiwanese Government and Fossil Fuel Provider With Poison Ivy
OSINT - Turbo Twist: Two 64-bit Derusbi Strains Converge
OSINT - Turla APT actor refreshes KopiLuwak JavaScript backdoor for use in G20-themed attack
OSINT - Turla - Harnessing SSL Certificates Using Infrastructure Chaining
OSINT - Turla Mosquito: A shift towards more generic tools
OSINT - Turla Nautilus Implant
OSINT - TWO BYTES TO $951M (SWIFT payment system abuse)
OSINT - TwoFace Webshell: Persistent Access Point for Lateral Movement
OSINT - UBoatRAT Navigates East Asia
OSINT - Uiwix Ransomware Using EternalBlue SMB Exploit To Infect Victims
OSINT - Ukrainian Financial Institutions Targeted by Wave of Malicious EPS File Attacks
OSINT -  Uncovering the Inner Workings of EyePyramid
OSINT Unit 42 Identifies New DragonOK Backdoor Malware Deployed Against Japanese Targets by Palo Alto Unit42
OSINT - Unraveling the Lamberts Toolkit An Overview of a Color-coded Multi-Stage Arsenal
OSINT - Unravelling .NET with the Help of WinDBG
OSINT -  Updated Sundown Exploit Kit Uses Steganography
OSINT - Update on the Fancy Bear Android malware (poprd30.apk)
OSINT - Ursnif variant found using mouse movement for decryption and evasion
OSINT -  US CERT TA17-293A report - renamed PsExec execution (sigma/SIEM ruleset)
OSINT - Use of DNS Tunneling for C&C Communications
OSINT Vawtrak C2 – Pin it by Threat Geek
OSINT - Veil-Framework Infects Victims of Targeted OWA Phishing Attack
OSINT - VERMIN: Quasar RAT and Custom Malware Used In Ukraine
OSINT - Votiro Labs exposed a new hacking campaign targeting Vietnamese organisations using weaponized Word documents
OSINT - WAP-billing Trojan-Clickers on rise
OSINT  Watching Attackers Through Virustotal blog post by Brandon Dixon (9bplus)
OSINT - Websites compromised in ‘Decimal IP’ campaign
OSINT -  When A Pony Walks Out Of A Pub
OSINT When ELF.BillGates met Windows by Arkoon+Netasq
OSINT - Who Ran Leakedsource.com?
OSINT Who's Really Spreading through the Bright Star? by Securelist / Kaspersky
OSINT - Who's who in the zoo. Cyberespionage operation targets android users in the Middle East.
OSINT - Wikileaks Vault7 JQJSNICKER code leak
OSINT - Will Astrum Fill the Vacuum in the Exploit Kit Landscape?
OSINT - Windows 10: protection, detection, and response against recent Depriz malware attacks
OSINT - Windows Defender ATP thwarts Operation WilySupply software supply chain cyberattack
OSINT - Windows SMBv3 Denial of Service Proof of Concept (0 Day Exploit)
OSINT - windows.tar.xz from theshadowbrokers
OSINT -  Winnti Abuses GitHub for C&C Communications
OSINT Winnti OpSMN new malware RE report by Novetta
OSINT Without a Trace: Fileless Malware Spotted in the Wild by Trend Micro
OSINT -  WORK Cryptomix Ransomware Variant Released
OSINT - XZZX Cryptomix Ransomware Variant Released
OSINT Yara rules for GlassRAT in Loki IOC Scanner by Florian Roth
OSINT YiSpecter: First iOS Malware That Attacks Non-jailbroken Apple iOS Devices by Abusing Private APIs by Palo Alto Networks Unit 42
OSINT - Your Package Has Been Successfully Encrypted: TeslaCrypt 4.1A and the Malware Attack Chain
OSINT - Zeus Panda Banking Trojan Targets Online Holiday Shoppers
OSINT - Zeus Panda Banking Trojan Targets Online Holiday Shoppers
OSINT -  Zeus Panda Webinjects: a case study
OSINT - “Zusy” PowerPoint Malware Spreads Without Needing Macros
OSINT - Банковский троянец Lurk: специально для России (Banking Trojan Lurk: specially for Russia)
OVH Phishing
Panda Malware Broadens - F5 Blog
Password-protected docs 2017-05-10 : Ursnif 2002 - "payment confirmation.ab1_c23def4lg56hi#78j.docx"
Password-protected docs 2017-05-17 : Ursnif 2002 - "someone@mycompany.com-ab1_c23def4lg56hi#78j.docx"
Password-protected docs 2017-05-23 : Ursnif 2002 - "C John Doe" - "ab1_c23def4lg56hi#78j.docx"
Phishing Domains
Phishing Domains
Phishing Domains, MALWAREMESSIAGH
Pivot around IP 193.109.68.87 (from ns1.carbon2u.com) - potential Sofacy
Pivot on other email addresses found by using the same physical address as support-apple-id.com - potential sofacy
Pivot on Shakti domains via PassiveTotal
Pivot on What's in a server name (on APT28/Sofacy) by ThreatConnect
Pivot on whois registrant 844148030@qq.com
Potential SpamBots (2016-03-14)
Potential SpamBots (2016-03-15)
Potential SpamBots (2016-03-16)
Potential SpamBots (2016-03-17)
Premium number - callback trick (20160523)
PWS: Win32/Kegotip.C
Ransomware spreading through SMB attacking multiple companies
Ransomware - Xorist
Regin Scanner
Registrant Tracking for "earthalgerrity@armyspy.com"
Revenge Ransomware, a CryptoMix Variant, Being Distributed by RIG Exploit Kit
Rokku Ransomware shows possible link with Chimera
Rule to detect KirBi ticket for Mimikatz by Benjamin Delpy with Contribution of Didier Stevens
Secret Malware in European Union Attack Linked to U.S. and British Intelligence article by the Intercept
Sinkholes servers with http header Server: malware-sinkhole
SMS/iMessage phishes forcing users to install/run scripts and update VPN settings
Sofacy Group’s Parallel Attacks
Spam 2016-10-12 (mule acquisition) - probably related to Locky resources
Spam 2016-10-14 (mule acquisition) - probably related to Locky resources
Spam 2016-10-16 (mule acquisition) - probably related to Locky resources
Spam week 43 (mule acquisition) - probably related to Locky resources
SQLi vuln sites - 2015-08-12 - origin: pastebin.com/23fDLE1G
Stantinko investigation
Star Trek Themed Kirk Ransomware Brings us Monero and a Spock Decryptor!
'Surprise' Ransomware (2016-03-11)
Suspicious domains extrapolated from fake Microsoft scammer domain
Talos Blog: Multiple Cobalt Personality Disorder
Talos Blog - Smoking Guns - Smoke Loader learned new tricks
Talos Blog: Threat Roundup for May 18-25
Talos Blog: VPNFilter
Tech Support Scam Synchs Alerts with App Crashes in Windows Event Logs
TeslaCrypt (2016-03-08)
Test
The Million Dollar Dissident - Citizen lab report
Threat Analysis: Malicious Microsoft Word Documents Being Used in Targeted Attack Campaigns
TNT Tracking Email through abused server
Trend Micro Blog: Malicious Macro Hijacks Desktop Shortcuts to Deliver Backdoor
Trend Micro Blog: New KillDisk Variant Hits Latin American Financial Organizations Again
"TrickBot" and "IcedID" Botnet IOCs
#TrickBot banker updates to group_tag ""tt0002" version "1000206"
TrickBot pir4 loader config
Turla digging using TotalHash
Ursnif, MALWAREMESSIAGH
US-CERT Alert (TA18-149A) HIDDEN COBRA – Joanap Backdoor Trojan and Brambul Server Message Block Worm
Vurten Ransomware
Webshells - 2016-04-14 - origin: pastebin.com/Fev3n8SG
Wells Fargo Phish
What's in a server name (on APT28/Sofacy) by ThreatConnect
Yara Rule Set - detection of Empire by Florian Roth (PowerShell and Python post-exploitation agent.)
YellowAlbatross/Sphinx malware by 360-Qihoo and some OSINT
3 examples of malspam pushing Loki-Bot malware
A case of java trojan (downloader/RCE) for remote minerd hack - MMD-0049-2016
Ad Serving Platform Used By PUA Also Delivers Magnitude Exploit Kit
Advanced Mobile Malware Campaign in India uses Malicious MDM
A Look Into Fysbis: Sofacy’s Linux Backdoor
Angler EK send Teslacrypt
APT28 Under the Scope - A Journey into Exfiltrating Intelligence and Government Information
APT29 HammerToss - FireEye
Argenta phishing website
Attack Campaign on the Government of Thailand Delivers Bookworm Trojan
Attack inception: Compromised supply chain within a supply chain poses new risks
Backdoor.Cadelspy and Backdoor.Remexi - Symantec
BlackEnergy by the SSHBearDoor : attacks against Ukrainian news media and electric industry
BlackVine - Symantec
Bookworm Trojan: A Model of Modular Architecture
BOOTRASH - Fireeye
Butterfly/WildNeutron - Symantec / Kaspersky
Carbanak group uses Google for malware command-and-control
China Peace Palace attacks - ThreatConnect
Click-Fraud Ramdo Malware Family Continues to Plague Users
COBALT Logical attacks on ATMs
Covert Channels and Poor Decisions: The Tale of DNSMessenger
Criminals in a festive mood
CVE-2018-4878 (Flash Player up to 28.0.0.137) and Exploit Kits
CVE-2018-8174 (VBScript Engine) and Exploit Kits
CVE-2018-8174 (VBScript Engine) and Exploit Kits
DDOS.TF = (new) ELF & Win32 DDoS service with ASP + PHP/MySQL MOF webshells - MMD-0048-2016
DHL-themed malspam reveals embedded malware in animated gif
DHL-Themed malspam with links to .js file downloader
Down but Not Out: A Look Into Recent Exploit Kit Activities
Dridex and Locky Return Via PDF Attachments in Latest Campaigns
Duke Cloud Linux - F-Secure
DUMMY
EITest campaign still going strong
ELF Linux/Torte infection (in Wordpress) - MMD-0050-2016
EternalBlue Exploit Actively Used to Deliver Remote Access Trojans
Evil: A poor man’s ransomware in JavaScript
Fake Maersk shipping notice phishing
FIN7 Evolution and the Phishing LNK
Flash 0 Day In The Wild: Group 123 At The Controls
Following the Trail of BlackTech’s Cyber Espionage Campaigns
Free Ransomware Available on Dark Web
Gaza Cybergang – updated 2017 activity
Group5: Syria and the Iranian Connection
Hawkeye Keylogger - Reborn v8: An in-depth campaign analysis
Industroyer: Biggest threat to industrial control systems since Stuxnet
In Pursuit of Optical Fibers and Troop Intel: Targeted Attack Distributes PlugX in Russia
Invisible resource thieves: The increasing threat of cryptocurrency miners
IsSpace via CVE-2015-5122 - PaloAlto
Jigsaw Ransomware Decrypted: Will delete your files until you pay the Ransom
Kazuar: Multiplatform Espionage Backdoor with API Access
KillDisk and BlackEnergy Are Not Just Energy Sector Threats
Korea In The Crosshairs
Large malvertising campaign hits popular Dutch websites
Leafminer: New Espionage Campaigns Targeting Middle Eastern Regions
Let’s ride with TeslaCrypt
Locky: New Ransomware Mimics Dridex-Style Distribution
Looking Into a Cyber-Attack Facilitator in the Netherlands
LOWBOW - FireEye
Macro Malware Associated With Dridex Finds New Ways to Hide
Malspam pushing Trickbot malware on Friday 2018-05-11
Malware Takes Advantage of Windows ‘God Mode’
Malware used in the Cyberespionage against RUAG
McAfee Discovers Pinkslipbot Exploiting Infected Machines as Control Servers; Releases Free Tool to Detect, Disable Trojan
Meet Remaiten – a Linux bot on steroids targeting routers and potentially other IoT devices
Microsoft Office Vulnerabilities Used to Distribute Zyklon Malware in Recent Campaign
MirageFox: APT15 Resurfaces With New Tools Based On Old Ones
Mofang: A politically motivated information stealing adversary
Multiple Groups Have Been Exploiting ETERNALBLUE Weeks Before WannaCry
Neutrino EK and CryptXXX
New Android Trojan “Xbot” Phishes Credit Cards and Bank Accounts, Encrypts Devices for Ransom
New Carbanak / Anunak Attack Methodology
New KONNI Campaign References North Korean Missile Capabilities
New MacOS Backdoor Linked to OceanLotus Found
New Malware ‘Rover’ Targets Indian Ambassador to Afghanistan
New OS X Ransomware KeRanger Infected Transmission BitTorrent Client Installer
New Sofacy Attacks Against US Government Agency
New Targeted Attack in the Middle East by APT34, a Suspected Iranian Threat Group, Using CVE-2017-11882 Exploit
New VPNFilter malware targets at least 500K networking devices worldwide
New wave of cyberattacks against Ukrainian power industry
New wave of Mirai attacking home routers
Nile Phish: Large-Scale Phishing Campaign Targeting Egyptian Civil Society
Not Your Typical Ransomware Infection
OFF-THE-SHELF RANSOMWARE USED TO TARGET THE HEALTHCARE SECTOR
OilRig Malware Campaign Updates Toolset and Expands Targets
Operation Ghoul: targeted attacks on industrial and engineering organizations
Operation Groundbait: Espionage in Ukrainian war zones
Operation Potao Express
Oracle PoS hack
Packrat: Seven Years of a South American Threat Actor
Patchwork – Targeted Attack (APT)
Pawn Storm Ramps Up Spear-phishing Before Zero-Days Get Patched
PETYA Crypto-ransomware Overwrites MBR to Lock Users Out of Their Computers
Phishing mail impersonating KPN
Poisoning the Well: Banking Trojan Targets Google Search Results
Pokémon-themed Umbreon Linux Rootkit Hits x86, ARM Systems
PowerSniff Malware Used in Macro-based Attacks
RANCOR: Targeted Attacks in South East Asia Using PLAINTEE and DDKONG Malware Families
Ransoc Desktop Locking Ransomware Ransacks Local Files and Social Media Profiles
Ransomware - NSIS.Onion
Real News, Fake Flash: Mac OS X Users Targete
Remtasu obtaining Facebook accounts
Retefe is back in town
Reversed C2 traffic from China
Reviewing the spam filters: Malspam pushing Gozi-ISFB
RickRolled by none other than IoTReaper
RIG exploit kit takes on large malvertising campaign
Sakula Reloaded
SAMSAM: THE DOCTOR WILL SEE YOU, AFTER HE PAYS THE RANSOM
SeaDuke - Symantec/PaloAlto
SeaDuke - Symantec/PaloAlto
Seamless Campaign using Rig Exploit Kit to send Ramnit Trojan
Several polish banks hacked, information stolen by unknown attackers
Shifting Tactics: Tracking changes in years-long espionage campaign against Tibetans
Silence – a new Trojan attacking financial organizations
Snake: Coming soon in Mac OS X flavour
Sneaky *.BAT File Leads to Spoofed Banking Page
Sofacy Attacks Multiple Government Entities
Spear Phishing Attack Hits Industrial Companies
Taking apart a double zero-day sample discovered in joint hunt with ESET
Targeted Attacks In The Middle East
Targeted Malware Attacks against NGO Linked to Attacks on Burmese Government Websites - Citizen Lab
Tech support scammers abuse bug in HTML5 to freeze computers
Terracotta VPN - RSA
The Dukes: 7 Years of Russian Espionage
The “EyePyramid” attacks A homebrew cyberespionage operation that took Italy by storm
The Kelihos & Severa; the "All Out" version
The King is dead. Long live the King!
The return of HackingTeam with new implants for OS X
The rise of TeleBots: Analyzing disruptive KillDisk attacks
The Spy Kittens Are Back: Rocket Kitten 2
Threat Spotlight: GozNym
TrickBot’s bag of tricks
Update on Pawn Storm: New Targets and Politically Motivated Campaigns
WannaCry: Ransomware attacks show strong links to Lazarus group
Windows Background Intelligent Transfer Service (BITS) used to download malware
WitchCoven: Exploiting Web Analytics to Ensnare Victims
WordPress REST API Vulnerability Abused in Defacement Campaigns
